# JRE version: Java(TM) SE Runtime Environment (8.0_202-b08) (build 1.8.0_202-b08)
# Java VM: Java HotSpot(TM) 64-Bit Server VM (25.202-b08 mixed mode windows-amd64 compressed oops)
Heap:
 PSYoungGen      total 485376K, used 189996K [0x000000076b500000, 0x000000079d880000, 0x00000007c0000000)
  eden space 465920K, 36% used [0x000000076b500000,0x0000000775b907f8,0x0000000787c00000)
  from space 19456K, 99% used [0x0000000787c00000,0x0000000788efa8d0,0x0000000788f00000)
  to   space 24064K, 0% used [0x000000079c100000,0x000000079c100000,0x000000079d880000)
 ParOldGen       total 124928K, used 26821K [0x00000006c1e00000, 0x00000006c9800000, 0x000000076b500000)
  object space 124928K, 21% used [0x00000006c1e00000,0x00000006c3831640,0x00000006c9800000)
 Metaspace       used 51331K, capacity 53967K, committed 54272K, reserved 1097728K
  class space    used 7154K, capacity 7622K, committed 7680K, reserved 1048576K
GC Heap History (10 events):
Event: 1.793 GC heap before
{Heap before GC invocations=5 (full 1):
 PSYoungGen      total 272896K, used 6556K [0x000000076b500000, 0x000000077ca00000, 0x00000007c0000000)
  eden space 262144K, 0% used [0x000000076b500000,0x000000076b500000,0x000000077b500000)
  from space 10752K, 60% used [0x000000077bf80000,0x000000077c5e7238,0x000000077ca00000)
  to   space 10752K, 0% used [0x000000077b500000,0x000000077b500000,0x000000077bf80000)
 ParOldGen       total 175104K, used 104K [0x00000006c1e00000, 0x00000006cc900000, 0x000000076b500000)
  object space 175104K, 0% used [0x00000006c1e00000,0x00000006c1e1a010,0x00000006cc900000)
 Metaspace       used 20895K, capacity 21538K, committed 21628K, reserved 1069056K
  class space    used 2739K, capacity 2928K, committed 2944K, reserved 1048576K
Event: 1.813 GC heap after
Heap after GC invocations=5 (full 1):
 PSYoungGen      total 272896K, used 0K [0x000000076b500000, 0x000000077ca00000, 0x00000007c0000000)
  eden space 262144K, 0% used [0x000000076b500000,0x000000076b500000,0x000000077b500000)
  from space 10752K, 0% used [0x000000077bf80000,0x000000077bf80000,0x000000077ca00000)
  to   space 10752K, 0% used [0x000000077b500000,0x000000077b500000,0x000000077bf80000)
 ParOldGen       total 82944K, used 6409K [0x00000006c1e00000, 0x00000006c6f00000, 0x000000076b500000)
  object space 82944K, 7% used [0x00000006c1e00000,0x00000006c24426c8,0x00000006c6f00000)
 Metaspace       used 20894K, capacity 21532K, committed 21628K, reserved 1069056K
  class space    used 2739K, capacity 2927K, committed 2944K, reserved 1048576K
}
Event: 3.271 GC heap before
{Heap before GC invocations=6 (full 1):
 PSYoungGen      total 272896K, used 262144K [0x000000076b500000, 0x000000077ca00000, 0x00000007c0000000)
  eden space 262144K, 100% used [0x000000076b500000,0x000000077b500000,0x000000077b500000)
  from space 10752K, 0% used [0x000000077bf80000,0x000000077bf80000,0x000000077ca00000)
  to   space 10752K, 0% used [0x000000077b500000,0x000000077b500000,0x000000077bf80000)
 ParOldGen       total 82944K, used 6409K [0x00000006c1e00000, 0x00000006c6f00000, 0x000000076b500000)
  object space 82944K, 7% used [0x00000006c1e00000,0x00000006c24426c8,0x00000006c6f00000)
 Metaspace       used 28953K, capacity 30052K, committed 30336K, reserved 1075200K
  class space    used 3922K, capacity 4163K, committed 4224K, reserved 1048576K
Event: 3.284 GC heap after
Heap after GC invocations=6 (full 1):
 PSYoungGen      total 272896K, used 10737K [0x000000076b500000, 0x000000078a200000, 0x00000007c0000000)
  eden space 262144K, 0% used [0x000000076b500000,0x000000076b500000,0x000000077b500000)
  from space 10752K, 99% used [0x000000077b500000,0x000000077bf7c6a0,0x000000077bf80000)
  to   space 15872K, 0% used [0x0000000789280000,0x0000000789280000,0x000000078a200000)
 ParOldGen       total 82944K, used 11512K [0x00000006c1e00000, 0x00000006c6f00000, 0x000000076b500000)
  object space 82944K, 13% used [0x00000006c1e00000,0x00000006c293e250,0x00000006c6f00000)
 Metaspace       used 28953K, capacity 30052K, committed 30336K, reserved 1075200K
  class space    used 3922K, capacity 4163K, committed 4224K, reserved 1048576K
}
Event: 5.005 GC heap before
{Heap before GC invocations=7 (full 1):
 PSYoungGen      total 272896K, used 160295K [0x000000076b500000, 0x000000078a200000, 0x00000007c0000000)
  eden space 262144K, 57% used [0x000000076b500000,0x000000077470d890,0x000000077b500000)
  from space 10752K, 99% used [0x000000077b500000,0x000000077bf7c6a0,0x000000077bf80000)
  to   space 15872K, 0% used [0x0000000789280000,0x0000000789280000,0x000000078a200000)
 ParOldGen       total 82944K, used 11512K [0x00000006c1e00000, 0x00000006c6f00000, 0x000000076b500000)
  object space 82944K, 13% used [0x00000006c1e00000,0x00000006c293e250,0x00000006c6f00000)
 Metaspace       used 34334K, capacity 35990K, committed 36048K, reserved 1081344K
  class space    used 4616K, capacity 4934K, committed 4992K, reserved 1048576K
Event: 5.017 GC heap after
Heap after GC invocations=7 (full 1):
 PSYoungGen      total 478720K, used 15850K [0x000000076b500000, 0x000000078a200000, 0x00000007c0000000)
  eden space 462848K, 0% used [0x000000076b500000,0x000000076b500000,0x0000000787900000)
  from space 15872K, 99% used [0x0000000789280000,0x000000078a1fa960,0x000000078a200000)
  to   space 19456K, 0% used [0x0000000787c00000,0x0000000787c00000,0x0000000788f00000)
 ParOldGen       total 82944K, used 13463K [0x00000006c1e00000, 0x00000006c6f00000, 0x000000076b500000)
  object space 82944K, 16% used [0x00000006c1e00000,0x00000006c2b25d90,0x00000006c6f00000)
 Metaspace       used 34334K, capacity 35990K, committed 36048K, reserved 1081344K
  class space    used 4616K, capacity 4934K, committed 4992K, reserved 1048576K
}
Event: 5.017 GC heap before
{Heap before GC invocations=8 (full 2):
 PSYoungGen      total 478720K, used 15850K [0x000000076b500000, 0x000000078a200000, 0x00000007c0000000)
  eden space 462848K, 0% used [0x000000076b500000,0x000000076b500000,0x0000000787900000)
  from space 15872K, 99% used [0x0000000789280000,0x000000078a1fa960,0x000000078a200000)
  to   space 19456K, 0% used [0x0000000787c00000,0x0000000787c00000,0x0000000788f00000)
 ParOldGen       total 82944K, used 13463K [0x00000006c1e00000, 0x00000006c6f00000, 0x000000076b500000)
  object space 82944K, 16% used [0x00000006c1e00000,0x00000006c2b25d90,0x00000006c6f00000)
 Metaspace       used 34334K, capacity 35990K, committed 36048K, reserved 1081344K
  class space    used 4616K, capacity 4934K, committed 4992K, reserved 1048576K
Event: 5.067 GC heap after
Heap after GC invocations=8 (full 2):
 PSYoungGen      total 478720K, used 0K [0x000000076b500000, 0x000000078a200000, 0x00000007c0000000)
  eden space 462848K, 0% used [0x000000076b500000,0x000000076b500000,0x0000000787900000)
  from space 15872K, 0% used [0x0000000789280000,0x0000000789280000,0x000000078a200000)
  to   space 19456K, 0% used [0x0000000787c00000,0x0000000787c00000,0x0000000788f00000)
 ParOldGen       total 124928K, used 23378K [0x00000006c1e00000, 0x00000006c9800000, 0x000000076b500000)
  object space 124928K, 18% used [0x00000006c1e00000,0x00000006c34d4b08,0x00000006c9800000)
 Metaspace       used 34334K, capacity 35990K, committed 36048K, reserved 1081344K
  class space    used 4616K, capacity 4934K, committed 4992K, reserved 1048576K
}
Event: 9.597 GC heap before
{Heap before GC invocations=9 (full 2):
 PSYoungGen      total 478720K, used 462848K [0x000000076b500000, 0x000000078a200000, 0x00000007c0000000)
  eden space 462848K, 100% used [0x000000076b500000,0x0000000787900000,0x0000000787900000)
  from space 15872K, 0% used [0x0000000789280000,0x0000000789280000,0x000000078a200000)
  to   space 19456K, 0% used [0x0000000787c00000,0x0000000787c00000,0x0000000788f00000)
 ParOldGen       total 124928K, used 23378K [0x00000006c1e00000, 0x00000006c9800000, 0x000000076b500000)
  object space 124928K, 18% used [0x00000006c1e00000,0x00000006c34d4b08,0x00000006c9800000)
 Metaspace       used 47884K, capacity 50344K, committed 50688K, reserved 1093632K
  class space    used 6647K, capacity 7078K, committed 7168K, reserved 1048576K
Event: 9.621 GC heap after
Heap after GC invocations=9 (full 2):
 PSYoungGen      total 485376K, used 19434K [0x000000076b500000, 0x000000079d880000, 0x00000007c0000000)
  eden space 465920K, 0% used [0x000000076b500000,0x000000076b500000,0x0000000787c00000)
  from space 19456K, 99% used [0x0000000787c00000,0x0000000788efa8d0,0x0000000788f00000)
  to   space 24064K, 0% used [0x000000079c100000,0x000000079c100000,0x000000079d880000)
 ParOldGen       total 124928K, used 26821K [0x00000006c1e00000, 0x00000006c9800000, 0x000000076b500000)
  object space 124928K, 21% used [0x00000006c1e00000,0x00000006c3831640,0x00000006c9800000)
 Metaspace       used 47884K, capacity 50344K, committed 50688K, reserved 1093632K
  class space    used 6647K, capacity 7078K, committed 7168K, reserved 1048576K
}

