# JRE version: Java(TM) SE Runtime Environment (8.0_202-b08) (build 1.8.0_202-b08)
# Java VM: Java HotSpot(TM) 64-Bit Server VM (25.202-b08 mixed mode windows-amd64 compressed oops)
Heap:
 PSYoungGen      total 209408K, used 177966K [0x000000076b500000, 0x0000000779900000, 0x00000007c0000000)
  eden space 199168K, 89% used [0x000000076b500000,0x00000007762cb810,0x0000000777780000)
  from space 10240K, 0% used [0x0000000778480000,0x0000000778480000,0x0000000778e80000)
  to   space 13312K, 0% used [0x0000000777780000,0x0000000777780000,0x0000000778480000)
 ParOldGen       total 99328K, used 19933K [0x00000006c1e00000, 0x00000006c7f00000, 0x000000076b500000)
  object space 99328K, 20% used [0x00000006c1e00000,0x00000006c3177598,0x00000006c7f00000)
 Metaspace       used 37697K, capacity 39622K, committed 39808K, reserved 1087488K
  class space    used 5121K, capacity 5497K, committed 5504K, reserved 1048576K
GC Heap History (10 events):
Event: 1.428 GC heap before
{Heap before GC invocations=4 (full 1):
 PSYoungGen      total 141824K, used 9610K [0x000000076b500000, 0x0000000774a00000, 0x00000007c0000000)
  eden space 131072K, 0% used [0x000000076b500000,0x000000076b500000,0x0000000773500000)
  from space 10752K, 89% used [0x0000000773500000,0x0000000773e62bf8,0x0000000773f80000)
  to   space 10752K, 0% used [0x0000000773f80000,0x0000000773f80000,0x0000000774a00000)
 ParOldGen       total 175104K, used 32K [0x00000006c1e00000, 0x00000006cc900000, 0x000000076b500000)
  object space 175104K, 0% used [0x00000006c1e00000,0x00000006c1e08000,0x00000006cc900000)
 Metaspace       used 20519K, capacity 21184K, committed 21296K, reserved 1067008K
  class space    used 2685K, capacity 2893K, committed 2944K, reserved 1048576K
Event: 1.451 GC heap after
Heap after GC invocations=4 (full 1):
 PSYoungGen      total 141824K, used 0K [0x000000076b500000, 0x0000000774a00000, 0x00000007c0000000)
  eden space 131072K, 0% used [0x000000076b500000,0x000000076b500000,0x0000000773500000)
  from space 10752K, 0% used [0x0000000773500000,0x0000000773500000,0x0000000773f80000)
  to   space 10752K, 0% used [0x0000000773f80000,0x0000000773f80000,0x0000000774a00000)
 ParOldGen       total 99328K, used 9311K [0x00000006c1e00000, 0x00000006c7f00000, 0x000000076b500000)
  object space 99328K, 9% used [0x00000006c1e00000,0x00000006c2717f58,0x00000006c7f00000)
 Metaspace       used 20517K, capacity 21178K, committed 21296K, reserved 1067008K
  class space    used 2685K, capacity 2892K, committed 2944K, reserved 1048576K
}
Event: 3.435 GC heap before
{Heap before GC invocations=5 (full 1):
 PSYoungGen      total 141824K, used 131072K [0x000000076b500000, 0x0000000774a00000, 0x00000007c0000000)
  eden space 131072K, 100% used [0x000000076b500000,0x0000000773500000,0x0000000773500000)
  from space 10752K, 0% used [0x0000000773500000,0x0000000773500000,0x0000000773f80000)
  to   space 10752K, 0% used [0x0000000773f80000,0x0000000773f80000,0x0000000774a00000)
 ParOldGen       total 99328K, used 9311K [0x00000006c1e00000, 0x00000006c7f00000, 0x000000076b500000)
  object space 99328K, 9% used [0x00000006c1e00000,0x00000006c2717f58,0x00000006c7f00000)
 Metaspace       used 26523K, capacity 27526K, committed 27648K, reserved 1073152K
  class space    used 3557K, capacity 3793K, committed 3840K, reserved 1048576K
Event: 3.446 GC heap after
Heap after GC invocations=5 (full 1):
 PSYoungGen      total 141824K, used 9164K [0x000000076b500000, 0x0000000779480000, 0x00000007c0000000)
  eden space 131072K, 0% used [0x000000076b500000,0x000000076b500000,0x0000000773500000)
  from space 10752K, 85% used [0x0000000773f80000,0x0000000774873090,0x0000000774a00000)
  to   space 10752K, 0% used [0x0000000773500000,0x0000000773500000,0x0000000773f80000)
 ParOldGen       total 99328K, used 9319K [0x00000006c1e00000, 0x00000006c7f00000, 0x000000076b500000)
  object space 99328K, 9% used [0x00000006c1e00000,0x00000006c2719f58,0x00000006c7f00000)
 Metaspace       used 26523K, capacity 27526K, committed 27648K, reserved 1073152K
  class space    used 3557K, capacity 3793K, committed 3840K, reserved 1048576K
}
Event: 3.998 GC heap before
{Heap before GC invocations=6 (full 1):
 PSYoungGen      total 141824K, used 140236K [0x000000076b500000, 0x0000000779480000, 0x00000007c0000000)
  eden space 131072K, 100% used [0x000000076b500000,0x0000000773500000,0x0000000773500000)
  from space 10752K, 85% used [0x0000000773f80000,0x0000000774873090,0x0000000774a00000)
  to   space 10752K, 0% used [0x0000000773500000,0x0000000773500000,0x0000000773f80000)
 ParOldGen       total 99328K, used 9319K [0x00000006c1e00000, 0x00000006c7f00000, 0x000000076b500000)
  object space 99328K, 9% used [0x00000006c1e00000,0x00000006c2719f58,0x00000006c7f00000)
 Metaspace       used 28231K, capacity 29304K, committed 29568K, reserved 1075200K
  class space    used 3847K, capacity 4122K, committed 4224K, reserved 1048576K
Event: 4.003 GC heap after
Heap after GC invocations=6 (full 1):
 PSYoungGen      total 141824K, used 9722K [0x000000076b500000, 0x0000000778e80000, 0x00000007c0000000)
  eden space 131072K, 0% used [0x000000076b500000,0x000000076b500000,0x0000000773500000)
  from space 10752K, 90% used [0x0000000773500000,0x0000000773e7ea30,0x0000000773f80000)
  to   space 10240K, 0% used [0x0000000778480000,0x0000000778480000,0x0000000778e80000)
 ParOldGen       total 99328K, used 9327K [0x00000006c1e00000, 0x00000006c7f00000, 0x000000076b500000)
  object space 99328K, 9% used [0x00000006c1e00000,0x00000006c271bf58,0x00000006c7f00000)
 Metaspace       used 28231K, capacity 29304K, committed 29568K, reserved 1075200K
  class space    used 3847K, capacity 4122K, committed 4224K, reserved 1048576K
}
Event: 4.750 GC heap before
{Heap before GC invocations=7 (full 1):
 PSYoungGen      total 141824K, used 138874K [0x000000076b500000, 0x0000000778e80000, 0x00000007c0000000)
  eden space 131072K, 98% used [0x000000076b500000,0x000000077331ff40,0x0000000773500000)
  from space 10752K, 90% used [0x0000000773500000,0x0000000773e7ea30,0x0000000773f80000)
  to   space 10240K, 0% used [0x0000000778480000,0x0000000778480000,0x0000000778e80000)
 ParOldGen       total 99328K, used 9327K [0x00000006c1e00000, 0x00000006c7f00000, 0x000000076b500000)
  object space 99328K, 9% used [0x00000006c1e00000,0x00000006c271bf58,0x00000006c7f00000)
 Metaspace       used 33781K, capacity 35332K, committed 35456K, reserved 1079296K
  class space    used 4583K, capacity 4901K, committed 4992K, reserved 1048576K
Event: 4.774 GC heap after
Heap after GC invocations=7 (full 1):
 PSYoungGen      total 209408K, used 10213K [0x000000076b500000, 0x0000000779900000, 0x00000007c0000000)
  eden space 199168K, 0% used [0x000000076b500000,0x000000076b500000,0x0000000777780000)
  from space 10240K, 99% used [0x0000000778480000,0x0000000778e79470,0x0000000778e80000)
  to   space 13312K, 0% used [0x0000000777780000,0x0000000777780000,0x0000000778480000)
 ParOldGen       total 99328K, used 13826K [0x00000006c1e00000, 0x00000006c7f00000, 0x000000076b500000)
  object space 99328K, 13% used [0x00000006c1e00000,0x00000006c2b80910,0x00000006c7f00000)
 Metaspace       used 33781K, capacity 35332K, committed 35456K, reserved 1079296K
  class space    used 4583K, capacity 4901K, committed 4992K, reserved 1048576K
}
Event: 4.774 GC heap before
{Heap before GC invocations=8 (full 2):
 PSYoungGen      total 209408K, used 10213K [0x000000076b500000, 0x0000000779900000, 0x00000007c0000000)
  eden space 199168K, 0% used [0x000000076b500000,0x000000076b500000,0x0000000777780000)
  from space 10240K, 99% used [0x0000000778480000,0x0000000778e79470,0x0000000778e80000)
  to   space 13312K, 0% used [0x0000000777780000,0x0000000777780000,0x0000000778480000)
 ParOldGen       total 99328K, used 13826K [0x00000006c1e00000, 0x00000006c7f00000, 0x000000076b500000)
  object space 99328K, 13% used [0x00000006c1e00000,0x00000006c2b80910,0x00000006c7f00000)
 Metaspace       used 33781K, capacity 35332K, committed 35456K, reserved 1079296K
  class space    used 4583K, capacity 4901K, committed 4992K, reserved 1048576K
Event: 4.861 GC heap after
Heap after GC invocations=8 (full 2):
 PSYoungGen      total 209408K, used 0K [0x000000076b500000, 0x0000000779900000, 0x00000007c0000000)
  eden space 199168K, 0% used [0x000000076b500000,0x000000076b500000,0x0000000777780000)
  from space 10240K, 0% used [0x0000000778480000,0x0000000778480000,0x0000000778e80000)
  to   space 13312K, 0% used [0x0000000777780000,0x0000000777780000,0x0000000778480000)
 ParOldGen       total 99328K, used 19933K [0x00000006c1e00000, 0x00000006c7f00000, 0x000000076b500000)
  object space 99328K, 20% used [0x00000006c1e00000,0x00000006c3177598,0x00000006c7f00000)
 Metaspace       used 33781K, capacity 35332K, committed 35456K, reserved 1079296K
  class space    used 4583K, capacity 4901K, committed 4992K, reserved 1048576K
}

